TN:
SF:lib/dashboard.ts
FN:21,createDashboard
FN:30,(anonymous_1)
FN:66,(anonymous_2)
FNF:3
FNH:3
FNDA:2,createDashboard
FNDA:6,(anonymous_1)
FNDA:4,(anonymous_2)
DA:1,1
DA:3,1
DA:21,1
DA:22,2
DA:25,2
DA:30,2
DA:31,6
DA:66,2
DA:67,4
DA:96,2
DA:97,2
DA:98,2
DA:121,2
DA:170,2
DA:182,2
LF:15
LH:15
BRDA:97,0,0,2
BRF:1
BRH:1
end_of_record
TN:
SF:lib/lkml-assistant-stack.ts
FN:29,(anonymous_0)
FNF:1
FNH:1
FNDA:2,(anonymous_0)
DA:1,1
DA:3,1
DA:4,1
DA:5,1
DA:6,1
DA:7,1
DA:8,1
DA:9,1
DA:10,1
DA:11,1
DA:12,1
DA:18,1
DA:31,2
DA:36,2
DA:39,2
DA:40,2
DA:43,2
DA:44,2
DA:47,2
DA:59,2
DA:66,2
DA:73,2
DA:80,2
DA:93,2
DA:100,2
DA:107,2
DA:117,2
DA:127,2
DA:134,2
DA:159,2
DA:162,2
DA:164,1
DA:170,1
DA:182,2
DA:193,2
DA:218,2
DA:219,2
DA:222,2
DA:235,2
DA:242,2
DA:249,2
DA:264,2
DA:271,2
DA:286,2
DA:294,2
DA:320,2
DA:321,2
DA:326,2
DA:339,2
DA:349,2
DA:364,2
DA:371,2
DA:377,2
LF:53
LH:53
BRDA:33,0,0,2
BRDA:33,0,1,2
BRDA:33,1,0,0
BRDA:33,1,1,2
BRDA:33,2,0,2
BRDA:33,2,1,2
BRDA:39,3,0,2
BRDA:39,3,1,0
BRDA:39,4,0,0
BRDA:39,4,1,2
BRDA:39,5,0,2
BRDA:39,5,1,2
BRDA:50,6,0,1
BRDA:50,6,1,1
BRDA:51,7,0,1
BRDA:51,7,1,1
BRDA:52,8,0,1
BRDA:52,8,1,1
BRDA:53,9,0,1
BRDA:53,9,1,1
BRDA:84,10,0,1
BRDA:84,10,1,1
BRDA:85,11,0,1
BRDA:85,11,1,1
BRDA:86,12,0,1
BRDA:86,12,1,1
BRDA:87,13,0,1
BRDA:87,13,1,1
BRDA:119,14,0,1
BRDA:119,14,1,1
BRDA:120,15,0,1
BRDA:120,15,1,1
BRDA:121,16,0,1
BRDA:121,16,1,1
BRDA:130,17,0,1
BRDA:130,17,1,1
BRDA:162,18,0,1
BRDA:162,18,1,1
BRF:38
BRH:35
end_of_record
